WARNING:giza.content.dependencies:included file does not exist: /Users/skersch/Documents/myfork/docs-tutorials/source/includes/fact-mws.rst
WARNING:giza.content.sphinx:WARNING: :14: (ERROR/3) Unexpected indentation.
WARNING:giza.content.sphinx:WARNING: :27: (ERROR/3) Unexpected indentation.
WARNING:giza.content.sphinx:source/guides/server/insert.txt: WARNING: document isn't included in any toctree
WARNING:giza.content.sphinx:WARNING: html_static_path entry u'/Users/skersch/Documents/myfork/docs-tutorials/source/.static' does not exist
WARNING:giza.content.sphinx:WARNING: logo file '.static/logo-mongodb.png' does not exist
WARNING:giza.content.dependencies:included file does not exist: /Users/skersch/Documents/myfork/docs-tutorials/source/includes/fact-mws.rst
WARNING:giza.content.sphinx:WARNING: :14: (ERROR/3) Unexpected indentation.
WARNING:giza.content.sphinx:WARNING: :27: (ERROR/3) Unexpected indentation.
WARNING:giza.content.sphinx:source/guides/server/insert.txt: WARNING: document isn't included in any toctree
WARNING:giza.content.sphinx:WARNING: html_static_path entry u'/Users/skersch/Documents/myfork/docs-tutorials/source/.static' does not exist
WARNING:giza.content.sphinx:WARNING: logo file '.static/logo-mongodb.png' does not exist
WARNING:giza.content.dependencies:included file does not exist: /Users/skersch/Documents/myfork/docs-tutorials/source/includes/fact-mws.rst
WARNING:giza.content.dependencies:included file does not exist: /Users/skersch/Documents/myfork/docs-tutorials/source/includes/fact-mws.rst
WARNING:giza.content.sphinx:WARNING: :14: (ERROR/3) Unexpected indentation.
WARNING:giza.content.sphinx:WARNING: :27: (ERROR/3) Unexpected indentation.
WARNING:giza.content.sphinx:source/guides/server/insert.txt: WARNING: document isn't included in any toctree
WARNING:giza.content.sphinx:WARNING: html_static_path entry u'/Users/skersch/Documents/myfork/docs-tutorials/source/.static' does not exist
WARNING:giza.content.sphinx:WARNING: logo file '.static/logo-mongodb.png' does not exist
WARNING:giza.content.dependencies:included file does not exist: /Users/skersch/Documents/myfork/docs-tutorials/source/includes/fact-mws.rst
WARNING:giza.content.dependencies:included file does not exist: /Users/skersch/Documents/myfork/docs-tutorials/source/includes/fact-mws.rst
WARNING:giza.content.sphinx:WARNING: :14: (ERROR/3) Unexpected indentation.
WARNING:giza.content.sphinx:WARNING: :27: (ERROR/3) Unexpected indentation.
WARNING:giza.content.sphinx:source/guides/server/insert.txt: WARNING: document isn't included in any toctree
WARNING:giza.content.sphinx:WARNING: html_static_path entry u'/Users/skersch/Documents/myfork/docs-tutorials/source/.static' does not exist
WARNING:giza.content.sphinx:WARNING: logo file '.static/logo-mongodb.png' does not exist
WARNING:giza.content.dependencies:included file does not exist: /Users/skersch/Documents/myfork/docs-tutorials/source/includes/fact-mws.rst
WARNING:giza.content.sphinx:WARNING: :14: (ERROR/3) Unexpected indentation.
WARNING:giza.content.sphinx:WARNING: :28: (ERROR/3) Unexpected indentation.
WARNING:giza.content.sphinx:WARNING: :38: (SEVERE/4) Problems with "include" directive path: source/includes/fact-mws.rst
WARNING:giza.content.sphinx:source/includes/steps/insert_server.rst:: WARNING: image file not readable: images/compass-insert-document-inventory.png
WARNING:giza.content.sphinx:source/guides/server/insert.txt: WARNING: document isn't included in any toctree
WARNING:giza.content.sphinx:WARNING: html_static_path entry u'/Users/skersch/Documents/myfork/docs-tutorials/source/.static' does not exist
WARNING:giza.content.sphinx:WARNING: logo file '.static/logo-mongodb.png' does not exist
WARNING:giza.content.dependencies:included file does not exist: /Users/skersch/Documents/myfork/docs-tutorials/source/includes/fact-mws.rst
WARNING:giza.content.sphinx:source/includes/steps/prereqs_crud.rst:34: WARNING: Inline literal start-string without end-string.
WARNING:giza.content.sphinx:source/includes/steps/prereqs_crud.rst:46: WARNING: Inline literal start-string without end-string.
WARNING:giza.content.sphinx:WARNING: :14: (ERROR/3) Unexpected indentation.
WARNING:giza.content.sphinx:WARNING: :28: (ERROR/3) Unexpected indentation.
WARNING:giza.content.sphinx:WARNING: :38: (SEVERE/4) Problems with "include" directive path: source/includes/fact-mws.rst
WARNING:giza.content.sphinx:source/includes/steps/insert_server.rst:: WARNING: image file not readable: images/compass-insert-document-inventory.png
WARNING:giza.content.sphinx:source/guides/server/insert.txt: WARNING: document isn't included in any toctree
WARNING:giza.content.sphinx:WARNING: html_static_path entry u'/Users/skersch/Documents/myfork/docs-tutorials/source/.static' does not exist
WARNING:giza.content.sphinx:WARNING: logo file '.static/logo-mongodb.png' does not exist
WARNING:giza.content.dependencies:included file does not exist: /Users/skersch/Documents/myfork/docs-tutorials/source/includes/fact-mws.rst
WARNING:giza.content.dependencies:included file does not exist: /Users/skersch/Documents/myfork/docs-tutorials/source/includes/fact-mws.rst
WARNING:giza.content.sphinx:WARNING: :14: (ERROR/3) Unexpected indentation.
WARNING:giza.content.sphinx:WARNING: :28: (ERROR/3) Unexpected indentation.
WARNING:giza.content.sphinx:WARNING: :38: (SEVERE/4) Problems with "include" directive path: source/includes/fact-mws.rst
WARNING:giza.content.sphinx:WARNING: /Users/skersch/Documents/myfork/docs-tutorials/build/Guides/source/guides/server/insert.txt:: (ERROR/3) Anonymous hyperlink mismatch: 2 references but 0 targets.
WARNING:giza.content.sphinx:source/includes/steps/insert_server.rst:: WARNING: image file not readable: images/compass-insert-document-inventory.png
WARNING:giza.content.sphinx:source/guides/server/insert.txt: WARNING: document isn't included in any toctree
WARNING:giza.content.sphinx:WARNING: html_static_path entry u'/Users/skersch/Documents/myfork/docs-tutorials/source/.static' does not exist
WARNING:giza.content.sphinx:WARNING: logo file '.static/logo-mongodb.png' does not exist
WARNING:giza.content.dependencies:included file does not exist: /Users/skersch/Documents/myfork/docs-tutorials/source/includes/fact-mws.rst
WARNING:giza.content.sphinx:WARNING: :14: (ERROR/3) Unexpected indentation.
WARNING:giza.content.sphinx:WARNING: :28: (ERROR/3) Unexpected indentation.
WARNING:giza.content.sphinx:WARNING: :38: (SEVERE/4) Problems with "include" directive path: source/includes/fact-mws.rst
WARNING:giza.content.sphinx:source/includes/steps/insert_server.rst:: WARNING: image file not readable: images/compass-insert-document-inventory.png
WARNING:giza.content.sphinx:source/guides/server/insert.txt: WARNING: document isn't included in any toctree
WARNING:giza.content.sphinx:WARNING: html_static_path entry u'/Users/skersch/Documents/myfork/docs-tutorials/source/.static' does not exist
WARNING:giza.content.sphinx:WARNING: logo file '.static/logo-mongodb.png' does not exist
WARNING:giza.content.dependencies:included file does not exist: /Users/skersch/Documents/myfork/docs-tutorials/source/includes/fact-mws.rst
WARNING:giza.content.sphinx:WARNING: :14: (ERROR/3) Unexpected indentation.
WARNING:giza.content.sphinx:WARNING: :28: (ERROR/3) Unexpected indentation.
WARNING:giza.content.sphinx:WARNING: :38: (SEVERE/4) Problems with "include" directive path: source/includes/fact-mws.rst
WARNING:giza.content.sphinx:source/includes/steps/insert_server.rst:: WARNING: image file not readable: images/compass-insert-document-inventory.png
WARNING:giza.content.sphinx:source/guides/server/insert.txt: WARNING: document isn't included in any toctree
WARNING:giza.content.sphinx:WARNING: html_static_path entry u'/Users/skersch/Documents/myfork/docs-tutorials/source/.static' does not exist
WARNING:giza.content.sphinx:WARNING: logo file '.static/logo-mongodb.png' does not exist
WARNING:giza.content.dependencies:included file does not exist: /Users/skersch/Documents/myfork/docs-tutorials/source/includes/fact-mws.rst
WARNING:giza.content.sphinx:WARNING: :14: (ERROR/3) Unexpected indentation.
WARNING:giza.content.sphinx:WARNING: :28: (ERROR/3) Unexpected indentation.
WARNING:giza.content.sphinx:WARNING: :38: (SEVERE/4) Problems with "include" directive path: source/includes/fact-mws.rst
WARNING:giza.content.sphinx:source/includes/steps/insert_server.rst:: WARNING: image file not readable: images/compass-insert-document-inventory.png
WARNING:giza.content.sphinx:source/guides/server/insert.txt: WARNING: document isn't included in any toctree
WARNING:giza.content.sphinx:WARNING: html_static_path entry u'/Users/skersch/Documents/myfork/docs-tutorials/source/.static' does not exist
WARNING:giza.content.sphinx:WARNING: logo file '.static/logo-mongodb.png' does not exist
WARNING:giza.content.dependencies:included file does not exist: /Users/skersch/Documents/myfork/docs-tutorials/source/includes/fact-mws.rst
WARNING:giza.content.sphinx:WARNING: :14: (ERROR/3) Unexpected indentation.
WARNING:giza.content.sphinx:WARNING: :28: (ERROR/3) Unexpected indentation.
WARNING:giza.content.sphinx:WARNING: :38: (SEVERE/4) Problems with "include" directive path: source/includes/fact-mws.rst
WARNING:giza.content.sphinx:source/includes/steps/insert_server.rst:: WARNING: image file not readable: images/compass-insert-document-inventory.png
WARNING:giza.content.sphinx:source/guides/server/insert.txt: WARNING: document isn't included in any toctree
WARNING:giza.content.sphinx:WARNING: html_static_path entry u'/Users/skersch/Documents/myfork/docs-tutorials/source/.static' does not exist
WARNING:giza.content.sphinx:WARNING: logo file '.static/logo-mongodb.png' does not exist
ERROR:giza.libgiza.config:configuration object <class 'giza.content.steps.models.StepData'> lacks support for ".. tabs-drivers:" value
ERROR:giza.libgiza.inheritance:could not inherit, because: configuration object <class 'giza.content.steps.models.StepData'> lacks support for ".. tabs-drivers:" value
ERROR:giza.pool:caught error "configuration object <class 'giza.content.steps.models.StepData'> lacks support for ".. tabs-drivers:" value" in <function step_tasks at 0x10dbf6e60>, waiting for other tasks to finish
ERROR:giza.pool:[TypeError('configuration object <class \'giza.content.steps.models.StepData\'> lacks support for ".. tabs-drivers:" value',)]
ERROR:giza.libgiza.config:configuration object <class 'giza.content.steps.models.StepData'> lacks support for ".. tabs-drivers:" value
ERROR:giza.libgiza.inheritance:could not inherit, because: configuration object <class 'giza.content.steps.models.StepData'> lacks support for ".. tabs-drivers:" value
ERROR:giza.pool:caught error "configuration object <class 'giza.content.steps.models.StepData'> lacks support for ".. tabs-drivers:" value" in <function step_tasks at 0x1053ade60>, waiting for other tasks to finish
ERROR:giza.pool:[TypeError('configuration object <class \'giza.content.steps.models.StepData\'> lacks support for ".. tabs-drivers:" value',)]
WARNING:giza.content.dependencies:included file does not exist: /Users/skersch/Documents/myfork/docs-tutorials/source/includes/steps/drivers_install.rst
WARNING:giza.content.dependencies:included file does not exist: /Users/skersch/Documents/myfork/docs-tutorials/source/includes/fact-mws.rst
WARNING:giza.content.sphinx:WARNING: build/Guides/source/includes/steps/prereqs_crud.rst:60: (SEVERE/4) Problems with "include" directive path: source/includes/steps/drivers_install.rst
WARNING:giza.content.sphinx:WARNING: build/Guides/source/includes/steps/prereqs_crud.rst:72: (SEVERE/4) Problems with "include" directive path: source/includes/steps/drivers_install.rst
WARNING:giza.content.sphinx:WARNING: :14: (ERROR/3) Unexpected indentation.
WARNING:giza.content.sphinx:WARNING: :28: (ERROR/3) Unexpected indentation.
WARNING:giza.content.sphinx:WARNING: :38: (SEVERE/4) Problems with "include" directive path: source/includes/fact-mws.rst
WARNING:giza.content.sphinx:source/includes/steps/insert_server.rst:: WARNING: image file not readable: images/compass-insert-document-inventory.png
WARNING:giza.content.sphinx:source/guides/server/insert.txt: WARNING: document isn't included in any toctree
WARNING:giza.content.sphinx:WARNING: html_static_path entry u'/Users/skersch/Documents/myfork/docs-tutorials/source/.static' does not exist
WARNING:giza.content.sphinx:WARNING: logo file '.static/logo-mongodb.png' does not exist
WARNING:giza.content.dependencies:included file does not exist: /Users/skersch/Documents/myfork/docs-tutorials/source/includes/fact-mws.rst
WARNING:giza.content.sphinx:WARNING: :29: (WARNING/2) Inline interpreted text or phrase reference start-string without end-string.
WARNING:giza.content.sphinx:WARNING: :59: (WARNING/2) Inline interpreted text or phrase reference start-string without end-string.
WARNING:giza.content.sphinx:WARNING: :14: (ERROR/3) Unexpected indentation.
WARNING:giza.content.sphinx:WARNING: :28: (ERROR/3) Unexpected indentation.
WARNING:giza.content.sphinx:WARNING: :38: (SEVERE/4) Problems with "include" directive path: source/includes/fact-mws.rst
WARNING:giza.content.sphinx:source/includes/steps/insert_server.rst:: WARNING: image file not readable: images/compass-insert-document-inventory.png
WARNING:giza.content.sphinx:source/guides/server/insert.txt: WARNING: document isn't included in any toctree
WARNING:giza.content.sphinx:WARNING: html_static_path entry u'/Users/skersch/Documents/myfork/docs-tutorials/source/.static' does not exist
WARNING:giza.content.sphinx:WARNING: logo file '.static/logo-mongodb.png' does not exist
ERROR:giza.pool:caught error "while scanning a simple key
  in "/Users/skersch/Documents/myfork/docs-tutorials/build/Guides/source/includes/steps-insert_server.yaml", line 44, column 1
could not find expected ':'
  in "/Users/skersch/Documents/myfork/docs-tutorials/build/Guides/source/includes/steps-insert_server.yaml", line 45, column 1" in <function step_tasks at 0x102ce1e60>, waiting for other tasks to finish
ERROR:giza.pool:[ScannerError()]
ERROR:giza.pool:caught error "while scanning a simple key
  in "/Users/skersch/Documents/myfork/docs-tutorials/build/Guides/source/includes/steps-insert_server.yaml", line 44, column 1
could not find expected ':'
  in "/Users/skersch/Documents/myfork/docs-tutorials/build/Guides/source/includes/steps-insert_server.yaml", line 45, column 1" in <function step_tasks at 0x111176e60>, waiting for other tasks to finish
ERROR:giza.pool:[ScannerError()]
WARNING:giza.content.dependencies:included file does not exist: /Users/skersch/Documents/myfork/docs-tutorials/source/includes/fact-mws.rst
WARNING:giza.content.sphinx:WARNING: :29: (WARNING/2) Inline interpreted text or phrase reference start-string without end-string.
WARNING:giza.content.sphinx:WARNING: :59: (WARNING/2) Inline interpreted text or phrase reference start-string without end-string.
WARNING:giza.content.sphinx:WARNING: :14: (ERROR/3) Unexpected indentation.
WARNING:giza.content.sphinx:WARNING: :28: (ERROR/3) Unexpected indentation.
WARNING:giza.content.sphinx:WARNING: build/Guides/source/includes/insert_one.rst:6: (SEVERE/4) Error parsing YAML:
WARNING:giza.content.sphinx:WARNING: :38: (SEVERE/4) Problems with "include" directive path: source/includes/fact-mws.rst
WARNING:giza.content.sphinx:source/includes/insert_one.rst:: WARNING: image file not readable: images/compass-insert-document-inventory.png
WARNING:giza.content.sphinx:source/guides/server/insert.txt: WARNING: document isn't included in any toctree
WARNING:giza.content.sphinx:WARNING: html_static_path entry u'/Users/skersch/Documents/myfork/docs-tutorials/source/.static' does not exist
WARNING:giza.content.sphinx:WARNING: logo file '.static/logo-mongodb.png' does not exist
WARNING:giza.content.dependencies:included file does not exist: /Users/skersch/Documents/myfork/docs-tutorials/source/includes/fact-mws.rst
WARNING:giza.content.dependencies:included file does not exist: /Users/skersch/Documents/myfork/docs-tutorials/source/includes/fact-mws.rst
WARNING:giza.content.dependencies:included file does not exist: /Users/skersch/Documents/myfork/docs-tutorials/source/includes/fact-mws.rst
WARNING:giza.content.sphinx:WARNING: :29: (WARNING/2) Inline interpreted text or phrase reference start-string without end-string.
WARNING:giza.content.sphinx:WARNING: :59: (WARNING/2) Inline interpreted text or phrase reference start-string without end-string.
WARNING:giza.content.sphinx:WARNING: :14: (ERROR/3) Unexpected indentation.
WARNING:giza.content.sphinx:WARNING: :28: (ERROR/3) Unexpected indentation.
WARNING:giza.content.sphinx:WARNING: :112: (ERROR/3) Unknown interpreted text role "node-api".
WARNING:giza.content.sphinx:WARNING: :181: (ERROR/3) Unknown interpreted text role "csharp-api".
WARNING:giza.content.sphinx:WARNING: :196: (ERROR/3) Unknown interpreted text role "perl-api".
WARNING:giza.content.sphinx:WARNING: :212: (ERROR/3) Unknown interpreted text role "ruby-api".
WARNING:giza.content.sphinx:WARNING: :228: (ERROR/3) Unknown interpreted text role "scala-api".
WARNING:giza.content.sphinx:WARNING: :38: (SEVERE/4) Problems with "include" directive path: source/includes/fact-mws.rst
WARNING:giza.content.sphinx:WARNING: :96: (ERROR/3) Unknown target name: "com.mongodb.client.mongocollection.insertone".
WARNING:giza.content.sphinx:source/includes/steps/insert_server.rst:: WARNING: image file not readable: images/compass-insert-button.png
WARNING:giza.content.sphinx:source/includes/steps/insert_server.rst:: WARNING: image file not readable: images/compass-insert-document-inventory.png
WARNING:giza.content.sphinx:source/guides/server/insert.txt: WARNING: document isn't included in any toctree
WARNING:giza.content.sphinx:<unknown>:42: WARNING: undefined label: compass-index (if the link has no caption the label must precede a section header)
WARNING:giza.content.sphinx:WARNING: html_static_path entry u'/Users/skersch/Documents/myfork/docs-tutorials/source/.static' does not exist
WARNING:giza.content.sphinx:WARNING: logo file '.static/logo-mongodb.png' does not exist
WARNING:giza.content.dependencies:included file does not exist: /Users/skersch/Documents/myfork/docs-tutorials/source/includes/fact-mws.rst
WARNING:giza.content.sphinx:WARNING: :29: (WARNING/2) Inline interpreted text or phrase reference start-string without end-string.
WARNING:giza.content.sphinx:WARNING: :59: (WARNING/2) Inline interpreted text or phrase reference start-string without end-string.
WARNING:giza.content.sphinx:WARNING: :14: (ERROR/3) Unexpected indentation.
WARNING:giza.content.sphinx:WARNING: :28: (ERROR/3) Unexpected indentation.
WARNING:giza.content.sphinx:WARNING: :112: (ERROR/3) Unknown interpreted text role "node-api".
WARNING:giza.content.sphinx:WARNING: :181: (ERROR/3) Unknown interpreted text role "csharp-api".
WARNING:giza.content.sphinx:WARNING: :196: (ERROR/3) Unknown interpreted text role "perl-api".
WARNING:giza.content.sphinx:WARNING: :212: (ERROR/3) Unknown interpreted text role "ruby-api".
WARNING:giza.content.sphinx:WARNING: :228: (ERROR/3) Unknown interpreted text role "scala-api".
WARNING:giza.content.sphinx:WARNING: :38: (SEVERE/4) Problems with "include" directive path: source/includes/fact-mws.rst
WARNING:giza.content.sphinx:WARNING: :74: (ERROR/3) Unknown interpreted text role "node-api".
WARNING:giza.content.sphinx:WARNING: :126: (ERROR/3) Unknown interpreted text role "perl-api".
WARNING:giza.content.sphinx:WARNING: :139: (ERROR/3) Unknown interpreted text role "ruby-api".
WARNING:giza.content.sphinx:WARNING: :152: (ERROR/3) Unknown interpreted text role "scala-api".
WARNING:giza.content.sphinx:WARNING: :96: (ERROR/3) Unknown target name: "com.mongodb.client.mongocollection.insertone".
WARNING:giza.content.sphinx:source/includes/steps/insert_server.rst:: WARNING: image file not readable: images/compass-insert-button.png
WARNING:giza.content.sphinx:source/includes/steps/insert_server.rst:: WARNING: image file not readable: images/compass-insert-document-inventory.png
WARNING:giza.content.sphinx:source/guides/server/insert.txt: WARNING: document isn't included in any toctree
WARNING:giza.content.sphinx:<unknown>:42: WARNING: undefined label: compass-index (if the link has no caption the label must precede a section header)
WARNING:giza.content.sphinx:WARNING: html_static_path entry u'/Users/skersch/Documents/myfork/docs-tutorials/source/.static' does not exist
WARNING:giza.content.sphinx:WARNING: logo file '.static/logo-mongodb.png' does not exist
WARNING:giza.content.dependencies:included file does not exist: /Users/skersch/Documents/myfork/docs-tutorials/source/includes/fact-mws.rst
WARNING:giza.content.sphinx:WARNING: :29: (WARNING/2) Inline interpreted text or phrase reference start-string without end-string.
WARNING:giza.content.sphinx:WARNING: :59: (WARNING/2) Inline interpreted text or phrase reference start-string without end-string.
WARNING:giza.content.sphinx:WARNING: :14: (ERROR/3) Unexpected indentation.
WARNING:giza.content.sphinx:WARNING: :28: (ERROR/3) Unexpected indentation.
WARNING:giza.content.sphinx:WARNING: :112: (ERROR/3) Unknown interpreted text role "node-api".
WARNING:giza.content.sphinx:WARNING: :181: (ERROR/3) Unknown interpreted text role "csharp-api".
WARNING:giza.content.sphinx:WARNING: :196: (ERROR/3) Unknown interpreted text role "perl-api".
WARNING:giza.content.sphinx:WARNING: :212: (ERROR/3) Unknown interpreted text role "ruby-api".
WARNING:giza.content.sphinx:WARNING: :228: (ERROR/3) Unknown interpreted text role "scala-api".
WARNING:giza.content.sphinx:WARNING: :38: (SEVERE/4) Problems with "include" directive path: source/includes/fact-mws.rst
WARNING:giza.content.sphinx:WARNING: :74: (ERROR/3) Unknown interpreted text role "node-api".
WARNING:giza.content.sphinx:WARNING: :126: (ERROR/3) Unknown interpreted text role "perl-api".
WARNING:giza.content.sphinx:WARNING: :139: (ERROR/3) Unknown interpreted text role "ruby-api".
WARNING:giza.content.sphinx:WARNING: :152: (ERROR/3) Unknown interpreted text role "scala-api".
WARNING:giza.content.sphinx:WARNING: :96: (ERROR/3) Unknown target name: "com.mongodb.client.mongocollection.insertone".
WARNING:giza.content.sphinx:source/includes/steps/insert_server.rst:: WARNING: image file not readable: images/compass-insert-button.png
WARNING:giza.content.sphinx:source/includes/steps/insert_server.rst:: WARNING: image file not readable: images/compass-insert-document-inventory.png
WARNING:giza.content.sphinx:source/guides/server/insert.txt: WARNING: document isn't included in any toctree
WARNING:giza.content.sphinx:<unknown>:42: WARNING: undefined label: compass-index (if the link has no caption the label must precede a section header)
WARNING:giza.content.sphinx:WARNING: html_static_path entry u'/Users/skersch/Documents/myfork/docs-tutorials/source/.static' does not exist
WARNING:giza.content.sphinx:WARNING: logo file '.static/logo-mongodb.png' does not exist
WARNING:giza.content.dependencies:included file does not exist: /Users/skersch/Documents/myfork/docs-tutorials/source/includes/fact-mws.rst
WARNING:giza.content.sphinx:WARNING: :29: (WARNING/2) Inline interpreted text or phrase reference start-string without end-string.
WARNING:giza.content.sphinx:WARNING: :59: (WARNING/2) Inline interpreted text or phrase reference start-string without end-string.
WARNING:giza.content.sphinx:WARNING: :14: (ERROR/3) Unexpected indentation.
WARNING:giza.content.sphinx:WARNING: :28: (ERROR/3) Unexpected indentation.
WARNING:giza.content.sphinx:WARNING: :112: (ERROR/3) Unknown interpreted text role "node-api".
WARNING:giza.content.sphinx:WARNING: :181: (ERROR/3) Unknown interpreted text role "csharp-api".
WARNING:giza.content.sphinx:WARNING: :196: (ERROR/3) Unknown interpreted text role "perl-api".
WARNING:giza.content.sphinx:WARNING: :212: (ERROR/3) Unknown interpreted text role "ruby-api".
WARNING:giza.content.sphinx:WARNING: :228: (ERROR/3) Unknown interpreted text role "scala-api".
WARNING:giza.content.sphinx:WARNING: :38: (SEVERE/4) Problems with "include" directive path: source/includes/fact-mws.rst
WARNING:giza.content.sphinx:WARNING: :74: (ERROR/3) Unknown interpreted text role "node-api".
WARNING:giza.content.sphinx:WARNING: :126: (ERROR/3) Unknown interpreted text role "perl-api".
WARNING:giza.content.sphinx:WARNING: :139: (ERROR/3) Unknown interpreted text role "ruby-api".
WARNING:giza.content.sphinx:WARNING: :152: (ERROR/3) Unknown interpreted text role "scala-api".
WARNING:giza.content.sphinx:WARNING: :96: (ERROR/3) Unknown target name: "com.mongodb.client.mongocollection.insertone".
WARNING:giza.content.sphinx:source/includes/steps/insert_server.rst:: WARNING: image file not readable: images/compass-insert-button.png
WARNING:giza.content.sphinx:source/includes/steps/insert_server.rst:: WARNING: image file not readable: images/compass-insert-document-inventory.png
WARNING:giza.content.sphinx:source/guides/server/insert.txt: WARNING: document isn't included in any toctree
WARNING:giza.content.sphinx:<unknown>:42: WARNING: undefined label: compass-index (if the link has no caption the label must precede a section header)
WARNING:giza.content.sphinx:WARNING: html_static_path entry u'/Users/skersch/Documents/myfork/docs-tutorials/source/.static' does not exist
WARNING:giza.content.sphinx:WARNING: logo file '.static/logo-mongodb.png' does not exist
WARNING:giza.content.dependencies:included file does not exist: /Users/skersch/Documents/myfork/docs-tutorials/source/includes/fact-mws.rst
WARNING:giza.content.dependencies:included file does not exist: /Users/skersch/Documents/myfork/docs-tutorials/source/includes/fact-mws.rst
WARNING:giza.content.sphinx:WARNING: :29: (WARNING/2) Inline interpreted text or phrase reference start-string without end-string.
WARNING:giza.content.sphinx:WARNING: :59: (WARNING/2) Inline interpreted text or phrase reference start-string without end-string.
WARNING:giza.content.sphinx:WARNING: :14: (ERROR/3) Unexpected indentation.
WARNING:giza.content.sphinx:WARNING: :28: (ERROR/3) Unexpected indentation.
WARNING:giza.content.sphinx:WARNING: :38: (SEVERE/4) Problems with "include" directive path: source/includes/fact-mws.rst
WARNING:giza.content.sphinx:WARNING: :74: (ERROR/3) Unknown interpreted text role "node-api".
WARNING:giza.content.sphinx:WARNING: :126: (ERROR/3) Unknown interpreted text role "perl-api".
WARNING:giza.content.sphinx:WARNING: :139: (ERROR/3) Unknown interpreted text role "ruby-api".
WARNING:giza.content.sphinx:WARNING: :152: (ERROR/3) Unknown interpreted text role "scala-api".
WARNING:giza.content.sphinx:source/includes/steps/insert_server.rst:: WARNING: image file not readable: images/compass-insert-button.png
WARNING:giza.content.sphinx:source/includes/steps/insert_server.rst:: WARNING: image file not readable: images/compass-insert-document-inventory.png
WARNING:giza.content.sphinx:source/guides/server/insert.txt: WARNING: document isn't included in any toctree
WARNING:giza.content.sphinx:<unknown>:38: WARNING: undefined label: compass-index (if the link has no caption the label must precede a section header)
WARNING:giza.content.sphinx:WARNING: html_static_path entry u'/Users/skersch/Documents/myfork/docs-tutorials/source/.static' does not exist
WARNING:giza.content.sphinx:WARNING: logo file '.static/logo-mongodb.png' does not exist
WARNING:giza.content.dependencies:included file does not exist: /Users/skersch/Documents/myfork/docs-tutorials/source/includes/fact-mws.rst
WARNING:giza.content.sphinx:WARNING: :29: (WARNING/2) Inline interpreted text or phrase reference start-string without end-string.
WARNING:giza.content.sphinx:WARNING: :59: (WARNING/2) Inline interpreted text or phrase reference start-string without end-string.
WARNING:giza.content.sphinx:WARNING: :14: (ERROR/3) Unexpected indentation.
WARNING:giza.content.sphinx:WARNING: :28: (ERROR/3) Unexpected indentation.
WARNING:giza.content.sphinx:WARNING: :38: (SEVERE/4) Problems with "include" directive path: source/includes/fact-mws.rst
WARNING:giza.content.sphinx:WARNING: :74: (ERROR/3) Unknown interpreted text role "node-api".
WARNING:giza.content.sphinx:WARNING: :126: (ERROR/3) Unknown interpreted text role "perl-api".
WARNING:giza.content.sphinx:WARNING: :139: (ERROR/3) Unknown interpreted text role "ruby-api".
WARNING:giza.content.sphinx:WARNING: :152: (ERROR/3) Unknown interpreted text role "scala-api".
WARNING:giza.content.sphinx:source/includes/steps/insert_server.rst:: WARNING: image file not readable: images/compass-insert-button.png
WARNING:giza.content.sphinx:source/includes/steps/insert_server.rst:: WARNING: image file not readable: images/compass-insert-document-inventory.png
WARNING:giza.content.sphinx:source/guides/server/insert.txt: WARNING: document isn't included in any toctree
WARNING:giza.content.sphinx:<unknown>:38: WARNING: undefined label: compass-index (if the link has no caption the label must precede a section header)
WARNING:giza.content.sphinx:WARNING: html_static_path entry u'/Users/skersch/Documents/myfork/docs-tutorials/source/.static' does not exist
WARNING:giza.content.sphinx:WARNING: logo file '.static/logo-mongodb.png' does not exist
WARNING:giza.content.dependencies:included file does not exist: /Users/skersch/Documents/myfork/docs-tutorials/source/includes/fact-mws.rst
WARNING:giza.content.sphinx:WARNING: :29: (WARNING/2) Inline interpreted text or phrase reference start-string without end-string.
WARNING:giza.content.sphinx:WARNING: :59: (WARNING/2) Inline interpreted text or phrase reference start-string without end-string.
WARNING:giza.content.sphinx:WARNING: :14: (ERROR/3) Unexpected indentation.
WARNING:giza.content.sphinx:WARNING: :28: (ERROR/3) Unexpected indentation.
WARNING:giza.content.sphinx:WARNING: :38: (SEVERE/4) Problems with "include" directive path: source/includes/fact-mws.rst
WARNING:giza.content.sphinx:source/includes/steps/insert_server.rst:: WARNING: image file not readable: images/compass-insert-button.png
WARNING:giza.content.sphinx:source/includes/steps/insert_server.rst:: WARNING: image file not readable: images/compass-insert-document-inventory.png
WARNING:giza.content.sphinx:source/guides/server/insert.txt: WARNING: document isn't included in any toctree
WARNING:giza.content.sphinx:<unknown>:38: WARNING: undefined label: compass-index (if the link has no caption the label must precede a section header)
WARNING:giza.content.sphinx:WARNING: html_static_path entry u'/Users/skersch/Documents/myfork/docs-tutorials/source/.static' does not exist
WARNING:giza.content.sphinx:WARNING: logo file '.static/logo-mongodb.png' does not exist
WARNING:giza.content.dependencies:included file does not exist: /Users/skersch/Documents/myfork/docs-tutorials/source/includes/fact-mws.rst
WARNING:giza.content.sphinx:WARNING: :29: (WARNING/2) Inline interpreted text or phrase reference start-string without end-string.
WARNING:giza.content.sphinx:WARNING: :59: (WARNING/2) Inline interpreted text or phrase reference start-string without end-string.
WARNING:giza.content.sphinx:WARNING: :14: (ERROR/3) Unexpected indentation.
WARNING:giza.content.sphinx:WARNING: :28: (ERROR/3) Unexpected indentation.
WARNING:giza.content.sphinx:WARNING: :38: (SEVERE/4) Problems with "include" directive path: source/includes/fact-mws.rst
WARNING:giza.content.sphinx:source/includes/steps/insert_server.rst:: WARNING: image file not readable: images/compass-insert-button.png
WARNING:giza.content.sphinx:source/includes/steps/insert_server.rst:: WARNING: image file not readable: images/compass-insert-document-inventory.png
WARNING:giza.content.sphinx:source/guides/server/insert.txt: WARNING: document isn't included in any toctree
WARNING:giza.content.sphinx:<unknown>:38: WARNING: undefined label: compass-index (if the link has no caption the label must precede a section header)
WARNING:giza.content.sphinx:WARNING: html_static_path entry u'/Users/skersch/Documents/myfork/docs-tutorials/source/.static' does not exist
WARNING:giza.content.sphinx:WARNING: logo file '.static/logo-mongodb.png' does not exist
WARNING:giza.content.dependencies:included file does not exist: /Users/skersch/Documents/myfork/docs-tutorials/source/includes/fact-mws.rst
WARNING:giza.content.sphinx:source/guides/server/insert.txt:1: WARNING: Missing required guide option: whats_next
WARNING:giza.content.sphinx:WARNING: :29: (WARNING/2) Inline interpreted text or phrase reference start-string without end-string.
WARNING:giza.content.sphinx:WARNING: :59: (WARNING/2) Inline interpreted text or phrase reference start-string without end-string.
WARNING:giza.content.sphinx:WARNING: :14: (ERROR/3) Unexpected indentation.
WARNING:giza.content.sphinx:WARNING: :28: (ERROR/3) Unexpected indentation.
WARNING:giza.content.sphinx:WARNING: :38: (SEVERE/4) Problems with "include" directive path: source/includes/fact-mws.rst
WARNING:giza.content.sphinx:source/includes/steps/insert_server.rst:: WARNING: image file not readable: images/compass-insert-button.png
WARNING:giza.content.sphinx:source/includes/steps/insert_server.rst:: WARNING: image file not readable: images/compass-insert-document-inventory.png
WARNING:giza.content.sphinx:source/guides/server/insert.txt: WARNING: document isn't included in any toctree
WARNING:giza.content.sphinx:<unknown>:38: WARNING: undefined label: compass-index (if the link has no caption the label must precede a section header)
WARNING:giza.content.sphinx:WARNING: html_static_path entry u'/Users/skersch/Documents/myfork/docs-tutorials/source/.static' does not exist
WARNING:giza.content.sphinx:WARNING: logo file '.static/logo-mongodb.png' does not exist
WARNING:giza.content.dependencies:included file does not exist: /Users/skersch/Documents/myfork/docs-tutorials/source/includes/fact-mws.rst
WARNING:giza.content.sphinx:source/guides/server/insert.txt:1: WARNING: Missing required guide option: whats_next
WARNING:giza.content.sphinx:WARNING: :29: (WARNING/2) Inline interpreted text or phrase reference start-string without end-string.
WARNING:giza.content.sphinx:WARNING: :59: (WARNING/2) Inline interpreted text or phrase reference start-string without end-string.
WARNING:giza.content.sphinx:WARNING: :14: (ERROR/3) Unexpected indentation.
WARNING:giza.content.sphinx:WARNING: :28: (ERROR/3) Unexpected indentation.
WARNING:giza.content.sphinx:WARNING: :38: (SEVERE/4) Problems with "include" directive path: source/includes/fact-mws.rst
WARNING:giza.content.sphinx:source/includes/steps/insert_server.rst:: WARNING: image file not readable: images/compass-insert-button.png
WARNING:giza.content.sphinx:source/includes/steps/insert_server.rst:: WARNING: image file not readable: images/compass-insert-document-inventory.png
WARNING:giza.content.sphinx:source/guides/server/insert.txt: WARNING: document isn't included in any toctree
WARNING:giza.content.sphinx:<unknown>:38: WARNING: undefined label: compass-index (if the link has no caption the label must precede a section header)
WARNING:giza.content.sphinx:WARNING: html_static_path entry u'/Users/skersch/Documents/myfork/docs-tutorials/source/.static' does not exist
WARNING:giza.content.sphinx:WARNING: logo file '.static/logo-mongodb.png' does not exist
WARNING:giza.content.dependencies:included file does not exist: /Users/skersch/Documents/myfork/docs-tutorials/source/includes/fact-mws.rst
WARNING:giza.content.sphinx:source/guides/server/insert.txt:1: WARNING: Missing required guide option: whats_next
WARNING:giza.content.sphinx:WARNING: :29: (WARNING/2) Inline interpreted text or phrase reference start-string without end-string.
WARNING:giza.content.sphinx:WARNING: :59: (WARNING/2) Inline interpreted text or phrase reference start-string without end-string.
WARNING:giza.content.sphinx:WARNING: :14: (ERROR/3) Unexpected indentation.
WARNING:giza.content.sphinx:WARNING: :28: (ERROR/3) Unexpected indentation.
WARNING:giza.content.sphinx:WARNING: :38: (SEVERE/4) Problems with "include" directive path: source/includes/fact-mws.rst
WARNING:giza.content.sphinx:source/includes/steps/insert_server.rst:: WARNING: image file not readable: images/compass-insert-button.png
WARNING:giza.content.sphinx:source/includes/steps/insert_server.rst:: WARNING: image file not readable: images/compass-insert-document-inventory.png
WARNING:giza.content.sphinx:source/guides/server/insert.txt: WARNING: document isn't included in any toctree
WARNING:giza.content.sphinx:<unknown>:38: WARNING: undefined label: compass-index (if the link has no caption the label must precede a section header)
WARNING:giza.content.sphinx:WARNING: html_static_path entry u'/Users/skersch/Documents/myfork/docs-tutorials/source/.static' does not exist
WARNING:giza.content.sphinx:WARNING: logo file '.static/logo-mongodb.png' does not exist
WARNING:giza.content.dependencies:included file does not exist: /Users/skersch/Documents/myfork/docs-tutorials/source/includes/fact-mws.rst
WARNING:giza.content.sphinx:source/guides/server/insert.txt:1: WARNING: Missing required guide option: whats_next
WARNING:giza.content.sphinx:WARNING: :29: (WARNING/2) Inline interpreted text or phrase reference start-string without end-string.
WARNING:giza.content.sphinx:WARNING: :59: (WARNING/2) Inline interpreted text or phrase reference start-string without end-string.
WARNING:giza.content.sphinx:WARNING: :14: (ERROR/3) Unexpected indentation.
WARNING:giza.content.sphinx:WARNING: :28: (ERROR/3) Unexpected indentation.
WARNING:giza.content.sphinx:WARNING: :38: (SEVERE/4) Problems with "include" directive path: source/includes/fact-mws.rst
WARNING:giza.content.sphinx:source/includes/steps/insert_server.rst:: WARNING: image file not readable: images/compass-insert-button.png
WARNING:giza.content.sphinx:source/includes/steps/insert_server.rst:: WARNING: image file not readable: images/compass-insert-document-inventory.png
WARNING:giza.content.sphinx:source/guides/server/insert.txt: WARNING: document isn't included in any toctree
WARNING:giza.content.sphinx:<unknown>:38: WARNING: undefined label: compass-index (if the link has no caption the label must precede a section header)
WARNING:giza.content.sphinx:WARNING: html_static_path entry u'/Users/skersch/Documents/myfork/docs-tutorials/source/.static' does not exist
WARNING:giza.content.sphinx:WARNING: logo file '.static/logo-mongodb.png' does not exist
WARNING:giza.content.dependencies:included file does not exist: /Users/skersch/Documents/myfork/docs-tutorials/source/includes/fact-mws.rst
WARNING:giza.content.sphinx:source/guides/server/insert.txt:1: WARNING: Missing required guide option: whats_next
WARNING:giza.content.sphinx:WARNING: :29: (WARNING/2) Inline interpreted text or phrase reference start-string without end-string.
WARNING:giza.content.sphinx:WARNING: :59: (WARNING/2) Inline interpreted text or phrase reference start-string without end-string.
WARNING:giza.content.sphinx:WARNING: :14: (ERROR/3) Unexpected indentation.
WARNING:giza.content.sphinx:WARNING: :28: (ERROR/3) Unexpected indentation.
WARNING:giza.content.sphinx:WARNING: :38: (SEVERE/4) Problems with "include" directive path: source/includes/fact-mws.rst
WARNING:giza.content.sphinx:source/includes/steps/insert_server.rst:: WARNING: image file not readable: images/compass-insert-button.png
WARNING:giza.content.sphinx:source/includes/steps/insert_server.rst:: WARNING: image file not readable: images/compass-insert-document-inventory.png
WARNING:giza.content.sphinx:source/guides/server/insert.txt: WARNING: document isn't included in any toctree
WARNING:giza.content.sphinx:<unknown>:38: WARNING: undefined label: compass-index (if the link has no caption the label must precede a section header)
WARNING:giza.content.sphinx:WARNING: html_static_path entry u'/Users/skersch/Documents/myfork/docs-tutorials/source/.static' does not exist
WARNING:giza.content.sphinx:WARNING: logo file '.static/logo-mongodb.png' does not exist
WARNING:giza.content.dependencies:included file does not exist: /Users/skersch/Documents/myfork/docs-tutorials/source/includes/fact-mws.rst
WARNING:giza.content.sphinx:source/guides/server/insert.txt:1: WARNING: Missing required guide option: author
WARNING:giza.content.sphinx:source/guides/server/insert.txt:1: WARNING: Missing required guide option: product_version
WARNING:giza.content.sphinx:source/guides/server/insert.txt:1: WARNING: Missing required guide option: level
WARNING:giza.content.sphinx:source/guides/server/insert.txt:1: WARNING: Missing required guide option: prerequisites
WARNING:giza.content.sphinx:source/guides/server/insert.txt:1: WARNING: Missing required guide option: check_your_environment
WARNING:giza.content.sphinx:source/guides/server/insert.txt:1: WARNING: Missing required guide option: summary
WARNING:giza.content.sphinx:source/guides/server/insert.txt:1: WARNING: Missing required guide option: result_description
WARNING:giza.content.sphinx:source/guides/server/insert.txt:1: WARNING: Missing required guide option: time
WARNING:giza.content.sphinx:source/guides/server/insert.txt:1: WARNING: Missing required guide option: type
WARNING:giza.content.sphinx:source/guides/server/insert.txt:1: WARNING: Missing required guide option: procedure
WARNING:giza.content.sphinx:source/guides/server/insert.txt:1: WARNING: Missing required guide option: whats_next
WARNING:giza.content.sphinx:WARNING: :2: (SEVERE/4) Missing matching underline for section title overline.
WARNING:giza.content.sphinx:WARNING: :9: (ERROR/3) Unexpected indentation.
WARNING:giza.content.sphinx:WARNING: :10: (WARNING/2) Block quote ends without a blank line; unexpected unindent.
WARNING:giza.content.sphinx:WARNING: :12: (ERROR/3) Unexpected indentation.
WARNING:giza.content.sphinx:WARNING: :29: (WARNING/2) Inline interpreted text or phrase reference start-string without end-string.
WARNING:giza.content.sphinx:WARNING: :59: (WARNING/2) Inline interpreted text or phrase reference start-string without end-string.
WARNING:giza.content.sphinx:WARNING: :14: (ERROR/3) Unexpected indentation.
WARNING:giza.content.sphinx:WARNING: :13: (WARNING/2) Block quote ends without a blank line; unexpected unindent.
WARNING:giza.content.sphinx:source/includes/steps/check_for_crud.rst:90: WARNING: Unexpected indentation.
WARNING:giza.content.sphinx:source/includes/steps/check_for_crud.rst:116: WARNING: Unexpected indentation.
WARNING:giza.content.sphinx:WARNING: :15: (WARNING/2) Definition list ends without a blank line; unexpected unindent.
WARNING:giza.content.sphinx:WARNING: :17: (ERROR/3) Unexpected indentation.
WARNING:giza.content.sphinx:WARNING: :28: (ERROR/3) Unexpected indentation.
WARNING:giza.content.sphinx:WARNING: :38: (SEVERE/4) Problems with "include" directive path: source/includes/fact-mws.rst
WARNING:giza.content.sphinx:WARNING: :18: (WARNING/2) Block quote ends without a blank line; unexpected unindent.
WARNING:giza.content.sphinx:WARNING: :21: (WARNING/2) Inline interpreted text or phrase reference start-string without end-string.
WARNING:giza.content.sphinx:WARNING: :22: (WARNING/2) Definition list ends without a blank line; unexpected unindent.
WARNING:giza.content.sphinx:source/includes/steps/insert_server.rst:: WARNING: image file not readable: images/compass-insert-button.png
WARNING:giza.content.sphinx:source/includes/steps/insert_server.rst:: WARNING: image file not readable: images/compass-insert-document-inventory.png
WARNING:giza.content.sphinx:source/guides/server/insert.txt: WARNING: document isn't included in any toctree
WARNING:giza.content.sphinx:<unknown>:38: WARNING: undefined label: compass-index (if the link has no caption the label must precede a section header)
WARNING:giza.content.sphinx:WARNING: html_static_path entry u'/Users/skersch/Documents/myfork/docs-tutorials/source/.static' does not exist
WARNING:giza.content.sphinx:WARNING: logo file '.static/logo-mongodb.png' does not exist
WARNING:giza.content.dependencies:included file does not exist: /Users/skersch/Documents/myfork/docs-tutorials/source/includes/fact-mws.rst
WARNING:giza.content.sphinx:WARNING: :29: (WARNING/2) Inline interpreted text or phrase reference start-string without end-string.
WARNING:giza.content.sphinx:WARNING: :59: (WARNING/2) Inline interpreted text or phrase reference start-string without end-string.
WARNING:giza.content.sphinx:WARNING: :14: (ERROR/3) Unexpected indentation.
WARNING:giza.content.sphinx:WARNING: :28: (ERROR/3) Unexpected indentation.
WARNING:giza.content.sphinx:WARNING: :38: (SEVERE/4) Problems with "include" directive path: source/includes/fact-mws.rst
WARNING:giza.content.sphinx:source/includes/steps/insert_server.rst:: WARNING: image file not readable: images/compass-insert-button.png
WARNING:giza.content.sphinx:source/includes/steps/insert_server.rst:: WARNING: image file not readable: images/compass-insert-document-inventory.png
WARNING:giza.content.sphinx:source/guides/server/insert.txt: WARNING: document isn't included in any toctree
WARNING:giza.content.sphinx:<unknown>:38: WARNING: undefined label: compass-index (if the link has no caption the label must precede a section header)
WARNING:giza.content.sphinx:WARNING: html_static_path entry u'/Users/skersch/Documents/myfork/docs-tutorials/source/.static' does not exist
WARNING:giza.content.sphinx:WARNING: logo file '.static/logo-mongodb.png' does not exist
WARNING:giza.content.dependencies:included file does not exist: /Users/skersch/Documents/myfork/docs-tutorials/source/includes/fact-mws.rst
WARNING:giza.content.sphinx:WARNING: :29: (WARNING/2) Inline interpreted text or phrase reference start-string without end-string.
WARNING:giza.content.sphinx:WARNING: :59: (WARNING/2) Inline interpreted text or phrase reference start-string without end-string.
WARNING:giza.content.sphinx:WARNING: :14: (ERROR/3) Unexpected indentation.
WARNING:giza.content.sphinx:WARNING: :28: (ERROR/3) Unexpected indentation.
WARNING:giza.content.sphinx:WARNING: :38: (SEVERE/4) Problems with "include" directive path: source/includes/fact-mws.rst
WARNING:giza.content.sphinx:source/includes/steps/insert_server.rst:: WARNING: image file not readable: images/compass-insert-button.png
WARNING:giza.content.sphinx:source/includes/steps/insert_server.rst:: WARNING: image file not readable: images/compass-insert-document-inventory.png
WARNING:giza.content.sphinx:source/guides/server/insert.txt: WARNING: document isn't included in any toctree
WARNING:giza.content.sphinx:<unknown>:38: WARNING: undefined label: compass-index (if the link has no caption the label must precede a section header)
WARNING:giza.content.sphinx:WARNING: html_static_path entry u'/Users/skersch/Documents/myfork/docs-tutorials/source/.static' does not exist
WARNING:giza.content.sphinx:WARNING: logo file '.static/logo-mongodb.png' does not exist
WARNING:giza.content.dependencies:included file does not exist: /Users/skersch/Documents/myfork/docs-tutorials/source/includes/fact-mws.rst
WARNING:giza.content.sphinx:WARNING: :29: (WARNING/2) Inline interpreted text or phrase reference start-string without end-string.
WARNING:giza.content.sphinx:WARNING: :59: (WARNING/2) Inline interpreted text or phrase reference start-string without end-string.
WARNING:giza.content.sphinx:WARNING: :14: (ERROR/3) Unexpected indentation.
WARNING:giza.content.sphinx:WARNING: :28: (ERROR/3) Unexpected indentation.
WARNING:giza.content.sphinx:WARNING: :38: (SEVERE/4) Problems with "include" directive path: source/includes/fact-mws.rst
WARNING:giza.content.sphinx:source/includes/steps/insert_server.rst:: WARNING: image file not readable: images/compass-insert-button.png
WARNING:giza.content.sphinx:source/includes/steps/insert_server.rst:: WARNING: image file not readable: images/compass-insert-document-inventory.png
WARNING:giza.content.sphinx:source/guides/server/insert.txt: WARNING: document isn't included in any toctree
WARNING:giza.content.sphinx:<unknown>:38: WARNING: undefined label: compass-index (if the link has no caption the label must precede a section header)
WARNING:giza.content.sphinx:WARNING: html_static_path entry u'/Users/skersch/Documents/myfork/docs-tutorials/source/.static' does not exist
WARNING:giza.content.sphinx:WARNING: logo file '.static/logo-mongodb.png' does not exist
WARNING:giza.content.dependencies:included file does not exist: /Users/skersch/Documents/myfork/docs-tutorials/source/includes/fact-mws.rst
WARNING:giza.content.dependencies:included file does not exist: /Users/skersch/Documents/myfork/docs-tutorials/source/includes/fact-mws.rst
WARNING:giza.content.sphinx:WARNING: :29: (WARNING/2) Inline interpreted text or phrase reference start-string without end-string.
WARNING:giza.content.sphinx:WARNING: :59: (WARNING/2) Inline interpreted text or phrase reference start-string without end-string.
WARNING:giza.content.sphinx:WARNING: :14: (ERROR/3) Unexpected indentation.
WARNING:giza.content.sphinx:WARNING: :28: (ERROR/3) Unexpected indentation.
WARNING:giza.content.sphinx:WARNING: :38: (SEVERE/4) Problems with "include" directive path: source/includes/fact-mws.rst
WARNING:giza.content.sphinx:source/includes/steps/insert_server.rst:: WARNING: image file not readable: images/compass-insert-button.png
WARNING:giza.content.sphinx:source/includes/steps/insert_server.rst:: WARNING: image file not readable: images/compass-insert-document-inventory.png
WARNING:giza.content.sphinx:source/guides/server/insert.txt: WARNING: document isn't included in any toctree
WARNING:giza.content.sphinx:<unknown>:38: WARNING: undefined label: compass-index (if the link has no caption the label must precede a section header)
WARNING:giza.content.sphinx:WARNING: html_static_path entry u'/Users/skersch/Documents/myfork/docs-tutorials/source/.static' does not exist
WARNING:giza.content.sphinx:WARNING: logo file '.static/logo-mongodb.png' does not exist
WARNING:giza.content.dependencies:included file does not exist: /Users/skersch/Documents/myfork/docs-tutorials/source/includes/fact-mws.rst
WARNING:giza.content.sphinx:WARNING: :31: (WARNING/2) Inline interpreted text or phrase reference start-string without end-string.
WARNING:giza.content.sphinx:WARNING: :61: (WARNING/2) Inline interpreted text or phrase reference start-string without end-string.
WARNING:giza.content.sphinx:WARNING: :14: (ERROR/3) Unexpected indentation.
WARNING:giza.content.sphinx:WARNING: :28: (ERROR/3) Unexpected indentation.
WARNING:giza.content.sphinx:WARNING: :38: (SEVERE/4) Problems with "include" directive path: source/includes/fact-mws.rst
WARNING:giza.content.sphinx:source/includes/steps/insert_server.rst:: WARNING: image file not readable: images/compass-insert-button.png
WARNING:giza.content.sphinx:source/includes/steps/insert_server.rst:: WARNING: image file not readable: images/compass-insert-document-inventory.png
WARNING:giza.content.sphinx:source/guides/server/insert.txt: WARNING: document isn't included in any toctree
WARNING:giza.content.sphinx:<unknown>:38: WARNING: undefined label: compass-index (if the link has no caption the label must precede a section header)
WARNING:giza.content.sphinx:WARNING: html_static_path entry u'/Users/skersch/Documents/myfork/docs-tutorials/source/.static' does not exist
WARNING:giza.content.sphinx:WARNING: logo file '.static/logo-mongodb.png' does not exist
WARNING:giza.content.dependencies:included file does not exist: /Users/skersch/Documents/myfork/docs-tutorials/source/includes/fact-mws.rst
WARNING:giza.content.sphinx:WARNING: :31: (WARNING/2) Inline interpreted text or phrase reference start-string without end-string.
WARNING:giza.content.sphinx:WARNING: :61: (WARNING/2) Inline interpreted text or phrase reference start-string without end-string.
WARNING:giza.content.sphinx:WARNING: :14: (ERROR/3) Unexpected indentation.
WARNING:giza.content.sphinx:WARNING: :28: (ERROR/3) Unexpected indentation.
WARNING:giza.content.sphinx:WARNING: :38: (SEVERE/4) Problems with "include" directive path: source/includes/fact-mws.rst
WARNING:giza.content.sphinx:source/includes/steps/insert_server.rst:: WARNING: image file not readable: images/compass-insert-button.png
WARNING:giza.content.sphinx:source/includes/steps/insert_server.rst:: WARNING: image file not readable: images/compass-insert-document-inventory.png
WARNING:giza.content.sphinx:source/guides/server/insert.txt: WARNING: document isn't included in any toctree
WARNING:giza.content.sphinx:<unknown>:38: WARNING: undefined label: compass-index (if the link has no caption the label must precede a section header)
WARNING:giza.content.sphinx:WARNING: html_static_path entry u'/Users/skersch/Documents/myfork/docs-tutorials/source/.static' does not exist
WARNING:giza.content.sphinx:WARNING: logo file '.static/logo-mongodb.png' does not exist
WARNING:giza.content.dependencies:included file does not exist: /Users/skersch/Documents/myfork/docs-tutorials/source/includes/fact-mws.rst
WARNING:giza.content.sphinx:WARNING: :29: (WARNING/2) Inline interpreted text or phrase reference start-string without end-string.
WARNING:giza.content.sphinx:WARNING: :61: (WARNING/2) Inline interpreted text or phrase reference start-string without end-string.
WARNING:giza.content.sphinx:WARNING: :14: (ERROR/3) Unexpected indentation.
WARNING:giza.content.sphinx:WARNING: :28: (ERROR/3) Unexpected indentation.
WARNING:giza.content.sphinx:WARNING: :38: (SEVERE/4) Problems with "include" directive path: source/includes/fact-mws.rst
WARNING:giza.content.sphinx:source/includes/steps/insert_server.rst:: WARNING: image file not readable: images/compass-insert-button.png
WARNING:giza.content.sphinx:source/includes/steps/insert_server.rst:: WARNING: image file not readable: images/compass-insert-document-inventory.png
WARNING:giza.content.sphinx:source/guides/server/insert.txt: WARNING: document isn't included in any toctree
WARNING:giza.content.sphinx:<unknown>:38: WARNING: undefined label: compass-index (if the link has no caption the label must precede a section header)
WARNING:giza.content.sphinx:WARNING: html_static_path entry u'/Users/skersch/Documents/myfork/docs-tutorials/source/.static' does not exist
WARNING:giza.content.sphinx:WARNING: logo file '.static/logo-mongodb.png' does not exist
WARNING:giza.content.dependencies:included file does not exist: /Users/skersch/Documents/myfork/docs-tutorials/source/includes/fact-mws.rst
WARNING:giza.content.sphinx:WARNING: :29: (WARNING/2) Inline interpreted text or phrase reference start-string without end-string.
WARNING:giza.content.sphinx:WARNING: :14: (ERROR/3) Unexpected indentation.
WARNING:giza.content.sphinx:WARNING: :28: (ERROR/3) Unexpected indentation.
WARNING:giza.content.sphinx:WARNING: :38: (SEVERE/4) Problems with "include" directive path: source/includes/fact-mws.rst
WARNING:giza.content.sphinx:source/includes/steps/insert_server.rst:: WARNING: image file not readable: images/compass-insert-button.png
WARNING:giza.content.sphinx:source/includes/steps/insert_server.rst:: WARNING: image file not readable: images/compass-insert-document-inventory.png
WARNING:giza.content.sphinx:source/guides/server/insert.txt: WARNING: document isn't included in any toctree
WARNING:giza.content.sphinx:<unknown>:38: WARNING: undefined label: compass-index (if the link has no caption the label must precede a section header)
WARNING:giza.content.sphinx:WARNING: html_static_path entry u'/Users/skersch/Documents/myfork/docs-tutorials/source/.static' does not exist
WARNING:giza.content.sphinx:WARNING: logo file '.static/logo-mongodb.png' does not exist
WARNING:giza.content.dependencies:included file does not exist: /Users/skersch/Documents/myfork/docs-tutorials/source/includes/fact-mws.rst
WARNING:giza.content.dependencies:included file does not exist: /Users/skersch/Documents/myfork/docs-tutorials/source/includes/fact-mws.rst
WARNING:giza.content.sphinx:WARNING: build/Guides/source/includes/drivers_install.rst:1: (SEVERE/4) Failed to render template: ValueError: 'java' is not in list. Source:
WARNING:giza.content.sphinx:WARNING: :14: (ERROR/3) Unexpected indentation.
WARNING:giza.content.sphinx:WARNING: :28: (ERROR/3) Unexpected indentation.
WARNING:giza.content.sphinx:WARNING: :38: (SEVERE/4) Problems with "include" directive path: source/includes/fact-mws.rst
WARNING:giza.content.sphinx:source/includes/steps/insert_server.rst:: WARNING: image file not readable: images/compass-insert-button.png
WARNING:giza.content.sphinx:source/includes/steps/insert_server.rst:: WARNING: image file not readable: images/compass-insert-document-inventory.png
WARNING:giza.content.sphinx:source/guides/server/insert.txt: WARNING: document isn't included in any toctree
WARNING:giza.content.sphinx:<unknown>:38: WARNING: undefined label: compass-index (if the link has no caption the label must precede a section header)
WARNING:giza.content.sphinx:WARNING: html_static_path entry u'/Users/skersch/Documents/myfork/docs-tutorials/source/.static' does not exist
WARNING:giza.content.sphinx:WARNING: logo file '.static/logo-mongodb.png' does not exist
WARNING:giza.content.dependencies:included file does not exist: /Users/skersch/Documents/myfork/docs-tutorials/source/includes/fact-mws.rst
WARNING:giza.content.sphinx:WARNING: :14: (ERROR/3) Unexpected indentation.
WARNING:giza.content.sphinx:WARNING: :28: (ERROR/3) Unexpected indentation.
WARNING:giza.content.sphinx:WARNING: :38: (SEVERE/4) Problems with "include" directive path: source/includes/fact-mws.rst
WARNING:giza.content.sphinx:WARNING: /Users/skersch/Documents/myfork/docs-tutorials/build/Guides/source/guides/server/insert.txt:: (ERROR/3) Anonymous hyperlink mismatch: 2 references but 0 targets.
WARNING:giza.content.sphinx:source/includes/steps/insert_server.rst:: WARNING: image file not readable: images/compass-insert-button.png
WARNING:giza.content.sphinx:source/includes/steps/insert_server.rst:: WARNING: image file not readable: images/compass-insert-document-inventory.png
WARNING:giza.content.sphinx:source/guides/server/insert.txt: WARNING: document isn't included in any toctree
WARNING:giza.content.sphinx:<unknown>:38: WARNING: undefined label: compass-index (if the link has no caption the label must precede a section header)
WARNING:giza.content.sphinx:WARNING: html_static_path entry u'/Users/skersch/Documents/myfork/docs-tutorials/source/.static' does not exist
WARNING:giza.content.sphinx:WARNING: logo file '.static/logo-mongodb.png' does not exist
WARNING:giza.content.dependencies:included file does not exist: /Users/skersch/Documents/myfork/docs-tutorials/source/includes/fact-mws.rst
WARNING:giza.content.sphinx:WARNING: :14: (ERROR/3) Unexpected indentation.
WARNING:giza.content.sphinx:WARNING: :28: (ERROR/3) Unexpected indentation.
WARNING:giza.content.sphinx:WARNING: :38: (SEVERE/4) Problems with "include" directive path: source/includes/fact-mws.rst
WARNING:giza.content.sphinx:source/includes/steps/insert_server.rst:: WARNING: image file not readable: images/compass-insert-button.png
WARNING:giza.content.sphinx:source/includes/steps/insert_server.rst:: WARNING: image file not readable: images/compass-insert-document-inventory.png
WARNING:giza.content.sphinx:source/guides/server/insert.txt: WARNING: document isn't included in any toctree
WARNING:giza.content.sphinx:<unknown>:38: WARNING: undefined label: compass-index (if the link has no caption the label must precede a section header)
WARNING:giza.content.sphinx:WARNING: html_static_path entry u'/Users/skersch/Documents/myfork/docs-tutorials/source/.static' does not exist
WARNING:giza.content.sphinx:WARNING: logo file '.static/logo-mongodb.png' does not exist
WARNING:giza.content.dependencies:included file does not exist: /Users/skersch/Documents/myfork/docs-tutorials/source/includes/fact-mws.rst
WARNING:giza.content.sphinx:WARNING: :14: (ERROR/3) Unexpected indentation.
WARNING:giza.content.sphinx:WARNING: :28: (ERROR/3) Unexpected indentation.
WARNING:giza.content.sphinx:WARNING: :38: (SEVERE/4) Problems with "include" directive path: source/includes/fact-mws.rst
WARNING:giza.content.sphinx:source/includes/steps/insert_server.rst:: WARNING: image file not readable: images/compass-insert-button.png
WARNING:giza.content.sphinx:source/includes/steps/insert_server.rst:: WARNING: image file not readable: images/compass-insert-document-inventory.png
WARNING:giza.content.sphinx:source/guides/server/insert.txt: WARNING: document isn't included in any toctree
WARNING:giza.content.sphinx:<unknown>:38: WARNING: undefined label: compass-index (if the link has no caption the label must precede a section header)
WARNING:giza.content.sphinx:WARNING: html_static_path entry u'/Users/skersch/Documents/myfork/docs-tutorials/source/.static' does not exist
WARNING:giza.content.sphinx:WARNING: logo file '.static/logo-mongodb.png' does not exist
WARNING:giza.content.dependencies:included file does not exist: /Users/skersch/Documents/myfork/docs-tutorials/source/includes/fact-mws.rst
WARNING:giza.content.sphinx:WARNING: :14: (ERROR/3) Unexpected indentation.
WARNING:giza.content.sphinx:WARNING: :28: (ERROR/3) Unexpected indentation.
WARNING:giza.content.sphinx:WARNING: :38: (SEVERE/4) Problems with "include" directive path: source/includes/fact-mws.rst
WARNING:giza.content.sphinx:source/includes/steps/insert_server.rst:: WARNING: image file not readable: images/compass-insert-button.png
WARNING:giza.content.sphinx:source/includes/steps/insert_server.rst:: WARNING: image file not readable: images/compass-insert-document-inventory.png
WARNING:giza.content.sphinx:source/guides/server/insert.txt: WARNING: document isn't included in any toctree
WARNING:giza.content.sphinx:<unknown>:38: WARNING: undefined label: compass-index (if the link has no caption the label must precede a section header)
WARNING:giza.content.sphinx:WARNING: html_static_path entry u'/Users/skersch/Documents/myfork/docs-tutorials/source/.static' does not exist
WARNING:giza.content.sphinx:WARNING: logo file '.static/logo-mongodb.png' does not exist
WARNING:giza.content.dependencies:included file does not exist: /Users/skersch/Documents/myfork/docs-tutorials/source/includes/fact-mws.rst
WARNING:giza.content.sphinx:WARNING: :28: (ERROR/3) Unexpected indentation.
WARNING:giza.content.sphinx:WARNING: :14: (ERROR/3) Unexpected indentation.
WARNING:giza.content.sphinx:WARNING: :38: (SEVERE/4) Problems with "include" directive path: source/includes/fact-mws.rst
WARNING:giza.content.sphinx:source/includes/steps/insert_server.rst:: WARNING: image file not readable: images/compass-insert-button.png
WARNING:giza.content.sphinx:source/includes/steps/insert_server.rst:: WARNING: image file not readable: images/compass-insert-document-inventory.png
WARNING:giza.content.sphinx:source/guides/server/insert.txt: WARNING: document isn't included in any toctree
WARNING:giza.content.sphinx:<unknown>:38: WARNING: undefined label: compass-index (if the link has no caption the label must precede a section header)
WARNING:giza.content.sphinx:WARNING: html_static_path entry u'/Users/skersch/Documents/myfork/docs-tutorials/source/.static' does not exist
WARNING:giza.content.sphinx:WARNING: logo file '.static/logo-mongodb.png' does not exist
WARNING:giza.content.dependencies:included file does not exist: /Users/skersch/Documents/myfork/docs-tutorials/source/includes/fact-mws.rst
WARNING:giza.content.sphinx:WARNING: :28: (ERROR/3) Unexpected indentation.
WARNING:giza.content.sphinx:WARNING: :14: (ERROR/3) Unexpected indentation.
WARNING:giza.content.sphinx:WARNING: :38: (SEVERE/4) Problems with "include" directive path: source/includes/fact-mws.rst
WARNING:giza.content.sphinx:source/includes/steps/insert_server.rst:: WARNING: image file not readable: images/compass-insert-button.png
WARNING:giza.content.sphinx:source/includes/steps/insert_server.rst:: WARNING: image file not readable: images/compass-insert-document-inventory.png
WARNING:giza.content.sphinx:source/guides/server/insert.txt: WARNING: document isn't included in any toctree
WARNING:giza.content.sphinx:<unknown>:38: WARNING: undefined label: compass-index (if the link has no caption the label must precede a section header)
WARNING:giza.content.sphinx:WARNING: html_static_path entry u'/Users/skersch/Documents/myfork/docs-tutorials/source/.static' does not exist
WARNING:giza.content.sphinx:WARNING: logo file '.static/logo-mongodb.png' does not exist
WARNING:giza.content.dependencies:included file does not exist: /Users/skersch/Documents/myfork/docs-tutorials/source/includes/fact-mws.rst
WARNING:giza.content.sphinx:WARNING: :28: (ERROR/3) Unexpected indentation.
WARNING:giza.content.sphinx:WARNING: :50: (ERROR/3) Unexpected indentation.
WARNING:giza.content.sphinx:WARNING: :14: (ERROR/3) Unexpected indentation.
WARNING:giza.content.sphinx:WARNING: :38: (SEVERE/4) Problems with "include" directive path: source/includes/fact-mws.rst
WARNING:giza.content.sphinx:source/includes/steps/insert_server.rst:: WARNING: image file not readable: images/compass-insert-button.png
WARNING:giza.content.sphinx:source/includes/steps/insert_server.rst:: WARNING: image file not readable: images/compass-insert-document-inventory.png
WARNING:giza.content.sphinx:source/guides/server/insert.txt: WARNING: document isn't included in any toctree
WARNING:giza.content.sphinx:<unknown>:38: WARNING: undefined label: compass-index (if the link has no caption the label must precede a section header)
WARNING:giza.content.sphinx:WARNING: html_static_path entry u'/Users/skersch/Documents/myfork/docs-tutorials/source/.static' does not exist
WARNING:giza.content.sphinx:WARNING: logo file '.static/logo-mongodb.png' does not exist
WARNING:giza.content.dependencies:included file does not exist: /Users/skersch/Documents/myfork/docs-tutorials/source/includes/fact-mws.rst
WARNING:giza.content.sphinx:WARNING: :28: (ERROR/3) Unexpected indentation.
WARNING:giza.content.sphinx:WARNING: :49: (ERROR/3) Error in "code-block" directive:
WARNING:giza.content.sphinx:WARNING: :14: (ERROR/3) Unexpected indentation.
WARNING:giza.content.sphinx:WARNING: :38: (SEVERE/4) Problems with "include" directive path: source/includes/fact-mws.rst
WARNING:giza.content.sphinx:source/includes/steps/insert_server.rst:: WARNING: image file not readable: images/compass-insert-button.png
WARNING:giza.content.sphinx:source/includes/steps/insert_server.rst:: WARNING: image file not readable: images/compass-insert-document-inventory.png
WARNING:giza.content.sphinx:source/guides/server/insert.txt: WARNING: document isn't included in any toctree
WARNING:giza.content.sphinx:<unknown>:38: WARNING: undefined label: compass-index (if the link has no caption the label must precede a section header)
WARNING:giza.content.sphinx:WARNING: html_static_path entry u'/Users/skersch/Documents/myfork/docs-tutorials/source/.static' does not exist
WARNING:giza.content.sphinx:WARNING: logo file '.static/logo-mongodb.png' does not exist
WARNING:giza.content.dependencies:included file does not exist: /Users/skersch/Documents/myfork/docs-tutorials/source/includes/fact-mws.rst
WARNING:giza.content.sphinx:WARNING: :28: (ERROR/3) Unexpected indentation.
WARNING:giza.content.sphinx:WARNING: :14: (ERROR/3) Unexpected indentation.
WARNING:giza.content.sphinx:WARNING: :38: (SEVERE/4) Problems with "include" directive path: source/includes/fact-mws.rst
WARNING:giza.content.sphinx:source/includes/steps/insert_server.rst:: WARNING: image file not readable: images/compass-insert-button.png
WARNING:giza.content.sphinx:source/includes/steps/insert_server.rst:: WARNING: image file not readable: images/compass-insert-document-inventory.png
WARNING:giza.content.sphinx:source/guides/server/insert.txt: WARNING: document isn't included in any toctree
WARNING:giza.content.sphinx:<unknown>:38: WARNING: undefined label: compass-index (if the link has no caption the label must precede a section header)
WARNING:giza.content.sphinx:WARNING: html_static_path entry u'/Users/skersch/Documents/myfork/docs-tutorials/source/.static' does not exist
WARNING:giza.content.sphinx:WARNING: logo file '.static/logo-mongodb.png' does not exist
WARNING:giza.content.dependencies:included file does not exist: /Users/skersch/Documents/myfork/docs-tutorials/source/includes/fact-mws.rst
WARNING:giza.content.sphinx:WARNING: :28: (ERROR/3) Unexpected indentation.
WARNING:giza.content.sphinx:WARNING: :14: (ERROR/3) Unexpected indentation.
WARNING:giza.content.sphinx:WARNING: :38: (SEVERE/4) Problems with "include" directive path: source/includes/fact-mws.rst
WARNING:giza.content.sphinx:source/includes/steps/insert_server.rst:: WARNING: image file not readable: images/compass-insert-button.png
WARNING:giza.content.sphinx:source/includes/steps/insert_server.rst:: WARNING: image file not readable: images/compass-insert-document-inventory.png
WARNING:giza.content.sphinx:source/guides/server/insert.txt: WARNING: document isn't included in any toctree
WARNING:giza.content.sphinx:<unknown>:38: WARNING: undefined label: compass-index (if the link has no caption the label must precede a section header)
WARNING:giza.content.sphinx:WARNING: html_static_path entry u'/Users/skersch/Documents/myfork/docs-tutorials/source/.static' does not exist
WARNING:giza.content.sphinx:WARNING: logo file '.static/logo-mongodb.png' does not exist
WARNING:giza.content.dependencies:included file does not exist: /Users/skersch/Documents/myfork/docs-tutorials/source/includes/fact-mws.rst
WARNING:giza.content.sphinx:WARNING: :28: (ERROR/3) Unexpected indentation.
WARNING:giza.content.sphinx:WARNING: :14: (ERROR/3) Unexpected indentation.
WARNING:giza.content.sphinx:WARNING: :38: (SEVERE/4) Problems with "include" directive path: source/includes/fact-mws.rst
WARNING:giza.content.sphinx:source/includes/steps/insert_server.rst:: WARNING: image file not readable: images/compass-insert-button.png
WARNING:giza.content.sphinx:source/includes/steps/insert_server.rst:: WARNING: image file not readable: images/compass-insert-document-inventory.png
WARNING:giza.content.sphinx:source/guides/server/insert.txt: WARNING: document isn't included in any toctree
WARNING:giza.content.sphinx:<unknown>:38: WARNING: undefined label: compass-index (if the link has no caption the label must precede a section header)
WARNING:giza.content.sphinx:WARNING: html_static_path entry u'/Users/skersch/Documents/myfork/docs-tutorials/source/.static' does not exist
WARNING:giza.content.sphinx:WARNING: logo file '.static/logo-mongodb.png' does not exist
WARNING:giza.content.dependencies:included file does not exist: /Users/skersch/Documents/myfork/docs-tutorials/source/includes/fact-mws.rst
WARNING:giza.content.sphinx:WARNING: :28: (ERROR/3) Unexpected indentation.
WARNING:giza.content.sphinx:WARNING: :14: (ERROR/3) Unexpected indentation.
WARNING:giza.content.sphinx:WARNING: :38: (SEVERE/4) Problems with "include" directive path: source/includes/fact-mws.rst
WARNING:giza.content.sphinx:source/includes/steps/insert_server.rst:: WARNING: image file not readable: images/compass-insert-button.png
WARNING:giza.content.sphinx:source/includes/steps/insert_server.rst:: WARNING: image file not readable: images/compass-insert-document-inventory.png
WARNING:giza.content.sphinx:source/guides/server/insert.txt: WARNING: document isn't included in any toctree
WARNING:giza.content.sphinx:<unknown>:38: WARNING: undefined label: compass-index (if the link has no caption the label must precede a section header)
WARNING:giza.content.sphinx:WARNING: html_static_path entry u'/Users/skersch/Documents/myfork/docs-tutorials/source/.static' does not exist
WARNING:giza.content.sphinx:WARNING: logo file '.static/logo-mongodb.png' does not exist
WARNING:giza.content.dependencies:included file does not exist: /Users/skersch/Documents/myfork/docs-tutorials/source/includes/fact-mws.rst
WARNING:giza.content.sphinx:WARNING: :28: (ERROR/3) Unexpected indentation.
WARNING:giza.content.sphinx:WARNING: :14: (ERROR/3) Unexpected indentation.
WARNING:giza.content.sphinx:WARNING: :38: (SEVERE/4) Problems with "include" directive path: source/includes/fact-mws.rst
WARNING:giza.content.sphinx:source/includes/steps/insert_server.rst:: WARNING: image file not readable: images/compass-insert-button.png
WARNING:giza.content.sphinx:source/includes/steps/insert_server.rst:: WARNING: image file not readable: images/compass-insert-document-inventory.png
WARNING:giza.content.sphinx:source/guides/server/insert.txt: WARNING: document isn't included in any toctree
WARNING:giza.content.sphinx:<unknown>:38: WARNING: undefined label: compass-index (if the link has no caption the label must precede a section header)
WARNING:giza.content.sphinx:WARNING: html_static_path entry u'/Users/skersch/Documents/myfork/docs-tutorials/source/.static' does not exist
WARNING:giza.content.sphinx:WARNING: logo file '.static/logo-mongodb.png' does not exist
WARNING:giza.content.dependencies:included file does not exist: /Users/skersch/Documents/myfork/docs-tutorials/source/includes/fact-mws.rst
WARNING:giza.content.sphinx:WARNING: :28: (ERROR/3) Unexpected indentation.
WARNING:giza.content.sphinx:WARNING: :14: (ERROR/3) Unexpected indentation.
WARNING:giza.content.sphinx:WARNING: :38: (SEVERE/4) Problems with "include" directive path: source/includes/fact-mws.rst
WARNING:giza.content.sphinx:source/includes/steps/insert_server.rst:: WARNING: image file not readable: images/compass-insert-button.png
WARNING:giza.content.sphinx:source/includes/steps/insert_server.rst:: WARNING: image file not readable: images/compass-insert-document-inventory.png
WARNING:giza.content.sphinx:source/guides/server/insert.txt: WARNING: document isn't included in any toctree
WARNING:giza.content.sphinx:<unknown>:38: WARNING: undefined label: compass-index (if the link has no caption the label must precede a section header)
WARNING:giza.content.sphinx:WARNING: html_static_path entry u'/Users/skersch/Documents/myfork/docs-tutorials/source/.static' does not exist
WARNING:giza.content.sphinx:WARNING: logo file '.static/logo-mongodb.png' does not exist
WARNING:giza.content.dependencies:included file does not exist: /Users/skersch/Documents/myfork/docs-tutorials/source/includes/fact-mws.rst
WARNING:giza.content.sphinx:WARNING: :28: (ERROR/3) Unexpected indentation.
WARNING:giza.content.sphinx:WARNING: :14: (ERROR/3) Unexpected indentation.
WARNING:giza.content.sphinx:WARNING: :38: (SEVERE/4) Problems with "include" directive path: source/includes/fact-mws.rst
WARNING:giza.content.sphinx:source/includes/steps/insert_server.rst:: WARNING: image file not readable: images/compass-insert-button.png
WARNING:giza.content.sphinx:source/includes/steps/insert_server.rst:: WARNING: image file not readable: images/compass-insert-document-inventory.png
WARNING:giza.content.sphinx:source/guides/server/insert.txt: WARNING: document isn't included in any toctree
WARNING:giza.content.sphinx:<unknown>:38: WARNING: undefined label: compass-index (if the link has no caption the label must precede a section header)
WARNING:giza.content.sphinx:WARNING: html_static_path entry u'/Users/skersch/Documents/myfork/docs-tutorials/source/.static' does not exist
WARNING:giza.content.sphinx:WARNING: logo file '.static/logo-mongodb.png' does not exist
WARNING:giza.content.dependencies:included file does not exist: /Users/skersch/Documents/myfork/docs-tutorials/source/includes/fact-mws.rst
WARNING:giza.content.sphinx:WARNING: :28: (ERROR/3) Unexpected indentation.
WARNING:giza.content.sphinx:WARNING: :14: (ERROR/3) Unexpected indentation.
WARNING:giza.content.sphinx:WARNING: :38: (SEVERE/4) Problems with "include" directive path: source/includes/fact-mws.rst
WARNING:giza.content.sphinx:source/includes/steps/insert_server.rst:: WARNING: image file not readable: images/compass-insert-button.png
WARNING:giza.content.sphinx:source/includes/steps/insert_server.rst:: WARNING: image file not readable: images/compass-insert-document-inventory.png
WARNING:giza.content.sphinx:source/guides/server/insert.txt: WARNING: document isn't included in any toctree
WARNING:giza.content.sphinx:<unknown>:38: WARNING: undefined label: compass-index (if the link has no caption the label must precede a section header)
WARNING:giza.content.sphinx:WARNING: html_static_path entry u'/Users/skersch/Documents/myfork/docs-tutorials/source/.static' does not exist
WARNING:giza.content.sphinx:WARNING: logo file '.static/logo-mongodb.png' does not exist
WARNING:giza.content.dependencies:included file does not exist: /Users/skersch/Documents/myfork/docs-tutorials/source/includes/fact-mws.rst
WARNING:giza.content.dependencies:included file does not exist: /Users/skersch/Documents/myfork/docs-tutorials/source/includes/fact-mws.rst
WARNING:giza.content.sphinx:WARNING: :28: (ERROR/3) Unexpected indentation.
WARNING:giza.content.sphinx:WARNING: :14: (ERROR/3) Unexpected indentation.
WARNING:giza.content.sphinx:WARNING: :38: (SEVERE/4) Problems with "include" directive path: source/includes/fact-mws.rst
WARNING:giza.content.sphinx:source/includes/steps/insert_server.rst:: WARNING: image file not readable: images/compass-insert-button.png
WARNING:giza.content.sphinx:source/includes/steps/insert_server.rst:: WARNING: image file not readable: images/compass-insert-document-inventory.png
WARNING:giza.content.sphinx:source/guides/server/insert.txt: WARNING: document isn't included in any toctree
WARNING:giza.content.sphinx:<unknown>:38: WARNING: undefined label: compass-index (if the link has no caption the label must precede a section header)
WARNING:giza.content.sphinx:WARNING: html_static_path entry u'/Users/skersch/Documents/myfork/docs-tutorials/source/.static' does not exist
WARNING:giza.content.sphinx:WARNING: logo file '.static/logo-mongodb.png' does not exist
WARNING:giza.content.dependencies:included file does not exist: /Users/skersch/Documents/myfork/docs-tutorials/source/includes/fact-mws.rst
WARNING:giza.content.sphinx:WARNING: :28: (ERROR/3) Unexpected indentation.
WARNING:giza.content.sphinx:WARNING: :14: (ERROR/3) Unexpected indentation.
WARNING:giza.content.sphinx:WARNING: :38: (SEVERE/4) Problems with "include" directive path: source/includes/fact-mws.rst
WARNING:giza.content.sphinx:source/includes/steps/insert_server.rst:: WARNING: image file not readable: images/compass-insert-button.png
WARNING:giza.content.sphinx:source/includes/steps/insert_server.rst:: WARNING: image file not readable: images/compass-insert-document-inventory.png
WARNING:giza.content.sphinx:source/guides/server/insert.txt: WARNING: document isn't included in any toctree
WARNING:giza.content.sphinx:<unknown>:38: WARNING: undefined label: compass-index (if the link has no caption the label must precede a section header)
WARNING:giza.content.sphinx:WARNING: html_static_path entry u'/Users/skersch/Documents/myfork/docs-tutorials/source/.static' does not exist
WARNING:giza.content.sphinx:WARNING: logo file '.static/logo-mongodb.png' does not exist
WARNING:giza.content.dependencies:included file does not exist: /Users/skersch/Documents/myfork/docs-tutorials/source/includes/fact-mws.rst
WARNING:giza.content.sphinx:WARNING: :28: (ERROR/3) Unexpected indentation.
WARNING:giza.content.sphinx:WARNING: :14: (ERROR/3) Unexpected indentation.
WARNING:giza.content.sphinx:WARNING: :38: (SEVERE/4) Problems with "include" directive path: source/includes/fact-mws.rst
WARNING:giza.content.sphinx:source/includes/steps/insert_server.rst:: WARNING: image file not readable: images/compass-insert-button.png
WARNING:giza.content.sphinx:source/includes/steps/insert_server.rst:: WARNING: image file not readable: images/compass-insert-document-inventory.png
WARNING:giza.content.sphinx:source/guides/server/insert.txt: WARNING: document isn't included in any toctree
WARNING:giza.content.sphinx:<unknown>:38: WARNING: undefined label: compass-index (if the link has no caption the label must precede a section header)
WARNING:giza.content.sphinx:WARNING: html_static_path entry u'/Users/skersch/Documents/myfork/docs-tutorials/source/.static' does not exist
WARNING:giza.content.sphinx:WARNING: logo file '.static/logo-mongodb.png' does not exist
WARNING:giza.content.dependencies:included file does not exist: /Users/skersch/Documents/myfork/docs-tutorials/source/includes/fact-mws.rst
WARNING:giza.content.sphinx:WARNING: build/Guides/source/includes/drivers_connect.rst:7: (SEVERE/4) Error parsing YAML:
WARNING:giza.content.sphinx:WARNING: :14: (ERROR/3) Unexpected indentation.
WARNING:giza.content.sphinx:WARNING: :28: (ERROR/3) Unexpected indentation.
WARNING:giza.content.sphinx:WARNING: :38: (SEVERE/4) Problems with "include" directive path: source/includes/fact-mws.rst
WARNING:giza.content.sphinx:source/includes/steps/insert_server.rst:: WARNING: image file not readable: images/compass-insert-button.png
WARNING:giza.content.sphinx:source/includes/steps/insert_server.rst:: WARNING: image file not readable: images/compass-insert-document-inventory.png
WARNING:giza.content.sphinx:source/guides/server/insert.txt: WARNING: document isn't included in any toctree
WARNING:giza.content.sphinx:<unknown>:38: WARNING: undefined label: compass-index (if the link has no caption the label must precede a section header)
WARNING:giza.content.sphinx:WARNING: html_static_path entry u'/Users/skersch/Documents/myfork/docs-tutorials/source/.static' does not exist
WARNING:giza.content.sphinx:WARNING: logo file '.static/logo-mongodb.png' does not exist
WARNING:giza.content.dependencies:included file does not exist: /Users/skersch/Documents/myfork/docs-tutorials/source/includes/fact-mws.rst
WARNING:giza.content.sphinx:WARNING: :28: (ERROR/3) Unexpected indentation.
WARNING:giza.content.sphinx:WARNING: :14: (ERROR/3) Unexpected indentation.
WARNING:giza.content.sphinx:WARNING: :38: (SEVERE/4) Problems with "include" directive path: source/includes/fact-mws.rst
WARNING:giza.content.sphinx:source/includes/steps/insert_server.rst:: WARNING: image file not readable: images/compass-insert-button.png
WARNING:giza.content.sphinx:source/includes/steps/insert_server.rst:: WARNING: image file not readable: images/compass-insert-document-inventory.png
WARNING:giza.content.sphinx:source/guides/server/insert.txt: WARNING: document isn't included in any toctree
WARNING:giza.content.sphinx:<unknown>:38: WARNING: undefined label: compass-index (if the link has no caption the label must precede a section header)
WARNING:giza.content.sphinx:WARNING: html_static_path entry u'/Users/skersch/Documents/myfork/docs-tutorials/source/.static' does not exist
WARNING:giza.content.sphinx:WARNING: logo file '.static/logo-mongodb.png' does not exist
WARNING:giza.content.dependencies:included file does not exist: /Users/skersch/Documents/myfork/docs-tutorials/source/includes/fact-mws.rst
WARNING:giza.content.sphinx:WARNING: :28: (ERROR/3) Unexpected indentation.
WARNING:giza.content.sphinx:WARNING: :14: (ERROR/3) Unexpected indentation.
WARNING:giza.content.sphinx:WARNING: :38: (SEVERE/4) Problems with "include" directive path: source/includes/fact-mws.rst
WARNING:giza.content.sphinx:source/includes/steps/insert_server.rst:: WARNING: image file not readable: images/compass-insert-button.png
WARNING:giza.content.sphinx:source/includes/steps/insert_server.rst:: WARNING: image file not readable: images/compass-insert-document-inventory.png
WARNING:giza.content.sphinx:source/guides/server/insert.txt: WARNING: document isn't included in any toctree
WARNING:giza.content.sphinx:<unknown>:38: WARNING: undefined label: compass-index (if the link has no caption the label must precede a section header)
WARNING:giza.content.sphinx:WARNING: html_static_path entry u'/Users/skersch/Documents/myfork/docs-tutorials/source/.static' does not exist
WARNING:giza.content.sphinx:WARNING: logo file '.static/logo-mongodb.png' does not exist
ERROR:giza.pool:caught error "while scanning a simple key
  in "/Users/skersch/Documents/myfork/docs-tutorials/build/Guides/source/includes/steps-insert_server.yaml", line 6, column 1
could not find expected ':'
  in "/Users/skersch/Documents/myfork/docs-tutorials/build/Guides/source/includes/steps-insert_server.yaml", line 7, column 1" in <function step_tasks at 0x10c7d4e60>, waiting for other tasks to finish
ERROR:giza.pool:[ScannerError()]
WARNING:giza.content.dependencies:included file does not exist: /Users/skersch/Documents/myfork/docs-tutorials/source/includes/fact-mws.rst
WARNING:giza.content.sphinx:WARNING: :28: (ERROR/3) Unexpected indentation.
WARNING:giza.content.sphinx:WARNING: :38: (SEVERE/4) Problems with "include" directive path: source/includes/fact-mws.rst
WARNING:giza.content.sphinx:source/includes/steps/insert_server.rst:: WARNING: image file not readable: images/compass-insert-button.png
WARNING:giza.content.sphinx:source/includes/steps/insert_server.rst:: WARNING: image file not readable: images/compass-insert-document-inventory.png
WARNING:giza.content.sphinx:source/guides/server/insert.txt: WARNING: document isn't included in any toctree
WARNING:giza.content.sphinx:<unknown>:38: WARNING: undefined label: compass-index (if the link has no caption the label must precede a section header)
WARNING:giza.content.sphinx:WARNING: html_static_path entry u'/Users/skersch/Documents/myfork/docs-tutorials/source/.static' does not exist
WARNING:giza.content.sphinx:WARNING: logo file '.static/logo-mongodb.png' does not exist
WARNING:giza.content.dependencies:included file does not exist: /Users/skersch/Documents/myfork/docs-tutorials/source/includes/fact-mws.rst
WARNING:giza.content.sphinx:WARNING: :28: (ERROR/3) Unexpected indentation.
WARNING:giza.content.sphinx:source/includes/steps/insert_server.rst:: WARNING: image file not readable: images/compass-insert-button.png
WARNING:giza.content.sphinx:source/includes/steps/insert_server.rst:: WARNING: image file not readable: images/compass-insert-document-inventory.png
WARNING:giza.content.sphinx:source/guides/server/insert.txt: WARNING: document isn't included in any toctree
WARNING:giza.content.sphinx:<unknown>:38: WARNING: undefined label: compass-index (if the link has no caption the label must precede a section header)
WARNING:giza.content.sphinx:WARNING: html_static_path entry u'/Users/skersch/Documents/myfork/docs-tutorials/source/.static' does not exist
WARNING:giza.content.sphinx:WARNING: logo file '.static/logo-mongodb.png' does not exist
WARNING:giza.content.dependencies:included file does not exist: /Users/skersch/Documents/myfork/docs-tutorials/source/includes/fact-mws.rst
WARNING:giza.content.sphinx:WARNING: :28: (ERROR/3) Unexpected indentation.
WARNING:giza.content.sphinx:source/includes/steps/insert_server.rst:: WARNING: image file not readable: images/compass-insert-button.png
WARNING:giza.content.sphinx:source/includes/steps/insert_server.rst:: WARNING: image file not readable: images/compass-insert-document-inventory.png
WARNING:giza.content.sphinx:source/guides/server/insert.txt: WARNING: document isn't included in any toctree
WARNING:giza.content.sphinx:<unknown>:38: WARNING: undefined label: compass-index (if the link has no caption the label must precede a section header)
WARNING:giza.content.sphinx:WARNING: html_static_path entry u'/Users/skersch/Documents/myfork/docs-tutorials/source/.static' does not exist
WARNING:giza.content.sphinx:WARNING: logo file '.static/logo-mongodb.png' does not exist
WARNING:giza.content.dependencies:included file does not exist: /Users/skersch/Documents/myfork/docs-tutorials/source/includes/fact-mws.rst
WARNING:giza.content.sphinx:WARNING: :28: (ERROR/3) Unexpected indentation.
WARNING:giza.content.sphinx:source/includes/steps/insert_server.rst:: WARNING: image file not readable: images/compass-insert-button.png
WARNING:giza.content.sphinx:source/includes/steps/insert_server.rst:: WARNING: image file not readable: images/compass-insert-document-inventory.png
WARNING:giza.content.sphinx:source/guides/server/insert.txt: WARNING: document isn't included in any toctree
WARNING:giza.content.sphinx:<unknown>:38: WARNING: undefined label: compass-index (if the link has no caption the label must precede a section header)
WARNING:giza.content.sphinx:WARNING: html_static_path entry u'/Users/skersch/Documents/myfork/docs-tutorials/source/.static' does not exist
WARNING:giza.content.sphinx:WARNING: logo file '.static/logo-mongodb.png' does not exist
